<!DOCTYPE html PUBLIC "-//W3C//DTD XHTML 1.1//EN" "http://www.w3.org/TR/xhtml11/DTD/xhtml11.dtd">
<html xmlns="http://www.w3.org/1999/xhtml">
<head>
<meta http-equiv="content-type" content="text/html; charset=UTF-8"/>
<title>TestNG Report</title>
<style type="text/css">table {margin-bottom:10px;border-collapse:collapse;empty-cells:show}th,td {border:1px solid #009;padding:.25em .5em}th {vertical-align:bottom}td {vertical-align:top}table a {font-weight:bold}.stripe td {background-color: #E6EBF9}.num {text-align:right}.passedodd td {background-color: #3F3}.passedeven td {background-color: #0A0}.skippedodd td {background-color: #DDD}.skippedeven td {background-color: #CCC}.failedodd td,.attn {background-color: #F33}.failedeven td,.stripe .attn {background-color: #D00}.stacktrace {white-space:pre;font-family:monospace}.totop {font-size:85%;text-align:center;border-bottom:2px solid #000}.invisible {display:none}</style>
</head>
<body>
<table>
<tr><th>Test</th><th># Passed</th><th># Skipped</th><th># Failed</th><th>Time (ms)</th><th>Included Groups</th><th>Excluded Groups</th></tr>
<tr><th colspan="7">TestSuiteExam</th></tr>
<tr><td><a href="#t0">AutomationTestingXero</a></td><td class="num">14</td><td class="num">0</td><td class="num attn">4</td><td class="num">585,462</td><td></td><td></td></tr>
</table>
<table id='summary'><thead><tr><th>Class</th><th>Method</th><th>Start</th><th>Time (ms)</th></tr></thead><tbody><tr><th colspan="4">TestSuiteExam</th></tr></tbody><tbody id="t0"><tr><th colspan="4">AutomationTestingXero &#8212; failed</th></tr><tr class="failedeven"><td rowspan="4">autoModularFramework.TestScriptsMain</td><td><a href="#m0">addOrganizationA</a></td><td rowspan="1">1523848144739</td><td rowspan="1">21842</td></tr><tr class="failedeven"><td><a href="#m1">addOrganizationPaidB</a></td><td rowspan="1">1523848171829</td><td rowspan="1">26573</td></tr><tr class="failedeven"><td><a href="#m2">signUpC</a></td><td rowspan="1">1523847988760</td><td rowspan="1">18116</td></tr><tr class="failedeven"><td><a href="#m3">signUpE</a></td><td rowspan="1">1523848034843</td><td rowspan="1">17805</td></tr><tr><th colspan="4">AutomationTestingXero &#8212; passed</th></tr><tr class="passedeven"><td rowspan="14">autoModularFramework.TestScriptsMain</td><td><a href="#m4">Login</a></td><td rowspan="1">1523847925988</td><td rowspan="1">11291</td></tr><tr class="passedeven"><td><a href="#m5">LoginIncorrectId</a></td><td rowspan="1">1523847954307</td><td rowspan="1">6320</td></tr><tr class="passedeven"><td><a href="#m6">LoginIncorrectPwd</a></td><td rowspan="1">1523847942642</td><td rowspan="1">6406</td></tr><tr class="passedeven"><td><a href="#m7">Logout</a></td><td rowspan="1">1523848086151</td><td rowspan="1">12017</td></tr><tr class="passedeven"><td><a href="#m8">TestTabsPage</a></td><td rowspan="1">1523848057907</td><td rowspan="1">22995</td></tr><tr class="passedeven"><td><a href="#m9">UploadPic</a></td><td rowspan="1">1523848103355</td><td rowspan="1">36124</td></tr><tr class="passedeven"><td><a href="#m10">addPremiumPlan</a></td><td rowspan="1">1523848347090</td><td rowspan="1">65351</td></tr><tr class="passedeven"><td><a href="#m11">addQuickBookUser</a></td><td rowspan="1">1523848418958</td><td rowspan="1">52146</td></tr><tr class="passedeven"><td><a href="#m12">addStandardPlan</a></td><td rowspan="1">1523848275674</td><td rowspan="1">65978</td></tr><tr class="passedeven"><td><a href="#m13">addStarterPlan</a></td><td rowspan="1">1523848204672</td><td rowspan="1">65353</td></tr><tr class="passedeven"><td><a href="#m14">forgetPassword</a></td><td rowspan="1">1523847965990</td><td rowspan="1">4760</td></tr><tr class="passedeven"><td><a href="#m15">signUpB</a></td><td rowspan="1">1523847976044</td><td rowspan="1">7220</td></tr><tr class="passedeven"><td><a href="#m16">signUpD</a></td><td rowspan="1">1523848012557</td><td rowspan="1">16877</td></tr><tr class="passedeven"><td><a href="#m17">subscriptionandBilling</a></td><td rowspan="1">1523848476334</td><td rowspan="1">27564</td></tr></tbody>
</table>
<h2>AutomationTestingXero</h2><h3 id="m0">autoModularFramework.TestScriptsMain#addOrganizationA</h3><table class="result"><tr class="param"><th>Parameter #1</th><th>Parameter #2</th><th>Parameter #3</th><th>Parameter #4</th></tr><tr class="param stripe"><td>addOrganizationA</td><td>hamsikat@gmail.com</td><td>test@1122</td><td>https://go.xero.com/Dashboard/</td></tr><tr><th colspan="4">Exception</th></tr><tr><td colspan="4"><div class="stacktrace">org.openqa.selenium.NoSuchElementException: Unable to locate element: .//*[@id=&apos;ext-gen1043&apos;]
For documentation on this error, please visit: http://seleniumhq.org/exceptions/no_such_element.html
Build info: version: &apos;3.11.0&apos;, revision: &apos;e59cfb3&apos;, time: &apos;2018-03-11T20:26:55.152Z&apos;
System info: host: &apos;DESKTOP-OVHFUSQ&apos;, ip: &apos;10.0.0.50&apos;, os.name: &apos;Windows 10&apos;, os.arch: &apos;amd64&apos;, os.version: &apos;10.0&apos;, java.version: &apos;1.8.0_151&apos;
Driver info: org.openqa.selenium.firefox.FirefoxDriver
Capabilities {acceptInsecureCerts: true, browserName: firefox, browserVersion: 54.0.1, javascriptEnabled: true, moz:accessibilityChecks: false, moz:processID: 440, moz:profile: C:\Users\hamsi\AppData\Loca..., pageLoadStrategy: normal, platform: XP, platformName: XP, platformVersion: 10.0, rotatable: false, specificationLevel: 0, timeouts: {implicit: 0, pageLoad: 300000, script: 30000}}
Session ID: f390d0ab-75ed-4240-bd85-a4885ceed9e8
*** Element info: {Using=xpath, value=.//*[@id=&apos;ext-gen1043&apos;]}
	at org.openqa.selenium.remote.http.W3CHttpResponseCodec.createException(W3CHttpResponseCodec.java:187)
	at org.openqa.selenium.remote.http.W3CHttpResponseCodec.decode(W3CHttpResponseCodec.java:122)
	at org.openqa.selenium.remote.http.W3CHttpResponseCodec.decode(W3CHttpResponseCodec.java:49)
	at org.openqa.selenium.remote.HttpCommandExecutor.execute(HttpCommandExecutor.java:158)
	at org.openqa.selenium.remote.service.DriverCommandExecutor.execute(DriverCommandExecutor.java:83)
	at org.openqa.selenium.remote.RemoteWebDriver.execute(RemoteWebDriver.java:545)
	at org.openqa.selenium.remote.RemoteWebDriver.findElement(RemoteWebDriver.java:319)
	at org.openqa.selenium.remote.RemoteWebDriver.findElementByXPath(RemoteWebDriver.java:421)
	at org.openqa.selenium.By$ByXPath.findElement(By.java:361)
	at org.openqa.selenium.remote.RemoteWebDriver.findElement(RemoteWebDriver.java:311)
	at autoModularFramework.TestScriptsMain.addOrganizationA(TestScriptsMain.java:414)
... Removed 29 stack frames</div></td></tr></table><p class="totop"><a href="#summary">back to summary</a></p>
<h3 id="m1">autoModularFramework.TestScriptsMain#addOrganizationPaidB</h3><table class="result"><tr class="param"><th>Parameter #1</th><th>Parameter #2</th><th>Parameter #3</th><th>Parameter #4</th></tr><tr class="param stripe"><td>addOrganizationPaidB</td><td>hamsikat@gmail.com</td><td>test@1122</td><td>https://go.xero.com/Dashboard/</td></tr><tr><th colspan="4">Exception</th></tr><tr><td colspan="4"><div class="stacktrace">org.openqa.selenium.NoSuchElementException: Unable to locate element: .//*[@id=&apos;ext-gen1043&apos;]
For documentation on this error, please visit: http://seleniumhq.org/exceptions/no_such_element.html
Build info: version: &apos;3.11.0&apos;, revision: &apos;e59cfb3&apos;, time: &apos;2018-03-11T20:26:55.152Z&apos;
System info: host: &apos;DESKTOP-OVHFUSQ&apos;, ip: &apos;10.0.0.50&apos;, os.name: &apos;Windows 10&apos;, os.arch: &apos;amd64&apos;, os.version: &apos;10.0&apos;, java.version: &apos;1.8.0_151&apos;
Driver info: org.openqa.selenium.firefox.FirefoxDriver
Capabilities {acceptInsecureCerts: true, browserName: firefox, browserVersion: 54.0.1, javascriptEnabled: true, moz:accessibilityChecks: false, moz:processID: 7404, moz:profile: C:\Users\hamsi\AppData\Loca..., pageLoadStrategy: normal, platform: XP, platformName: XP, platformVersion: 10.0, rotatable: false, specificationLevel: 0, timeouts: {implicit: 0, pageLoad: 300000, script: 30000}}
Session ID: 6b8450b1-83ed-40c2-9b0e-24a18221cb88
*** Element info: {Using=xpath, value=.//*[@id=&apos;ext-gen1043&apos;]}
	at org.openqa.selenium.remote.http.W3CHttpResponseCodec.createException(W3CHttpResponseCodec.java:187)
	at org.openqa.selenium.remote.http.W3CHttpResponseCodec.decode(W3CHttpResponseCodec.java:122)
	at org.openqa.selenium.remote.http.W3CHttpResponseCodec.decode(W3CHttpResponseCodec.java:49)
	at org.openqa.selenium.remote.HttpCommandExecutor.execute(HttpCommandExecutor.java:158)
	at org.openqa.selenium.remote.service.DriverCommandExecutor.execute(DriverCommandExecutor.java:83)
	at org.openqa.selenium.remote.RemoteWebDriver.execute(RemoteWebDriver.java:545)
	at org.openqa.selenium.remote.RemoteWebDriver.findElement(RemoteWebDriver.java:319)
	at org.openqa.selenium.remote.RemoteWebDriver.findElementByXPath(RemoteWebDriver.java:421)
	at org.openqa.selenium.By$ByXPath.findElement(By.java:361)
	at org.openqa.selenium.remote.RemoteWebDriver.findElement(RemoteWebDriver.java:311)
	at autoModularFramework.TestScriptsMain.addOrganizationPaidB(TestScriptsMain.java:448)
... Removed 29 stack frames</div></td></tr></table><p class="totop"><a href="#summary">back to summary</a></p>
<h3 id="m2">autoModularFramework.TestScriptsMain#signUpC</h3><table class="result"><tr class="param"><th>Parameter #1</th></tr><tr class="param stripe"><td>https://www.xero.com/us/</td></tr><tr><th>Exception</th></tr><tr><td><div class="stacktrace">org.openqa.selenium.NoSuchElementException: Unable to locate element: html/body/div[6]/main/div[1]/div/div/form/div[8]/div/label/a[2]
For documentation on this error, please visit: http://seleniumhq.org/exceptions/no_such_element.html
Build info: version: &apos;3.11.0&apos;, revision: &apos;e59cfb3&apos;, time: &apos;2018-03-11T20:26:55.152Z&apos;
System info: host: &apos;DESKTOP-OVHFUSQ&apos;, ip: &apos;10.0.0.50&apos;, os.name: &apos;Windows 10&apos;, os.arch: &apos;amd64&apos;, os.version: &apos;10.0&apos;, java.version: &apos;1.8.0_151&apos;
Driver info: org.openqa.selenium.firefox.FirefoxDriver
Capabilities {acceptInsecureCerts: true, browserName: firefox, browserVersion: 54.0.1, javascriptEnabled: true, moz:accessibilityChecks: false, moz:processID: 5568, moz:profile: C:\Users\hamsi\AppData\Loca..., pageLoadStrategy: normal, platform: XP, platformName: XP, platformVersion: 10.0, rotatable: false, specificationLevel: 0, timeouts: {implicit: 0, pageLoad: 300000, script: 30000}}
Session ID: 2f9deed0-9ef1-46ea-b469-f39f2b5e2c18
*** Element info: {Using=xpath, value=html/body/div[6]/main/div[1]/div/div/form/div[8]/div/label/a[2]}
	at org.openqa.selenium.remote.http.W3CHttpResponseCodec.createException(W3CHttpResponseCodec.java:187)
	at org.openqa.selenium.remote.http.W3CHttpResponseCodec.decode(W3CHttpResponseCodec.java:122)
	at org.openqa.selenium.remote.http.W3CHttpResponseCodec.decode(W3CHttpResponseCodec.java:49)
	at org.openqa.selenium.remote.HttpCommandExecutor.execute(HttpCommandExecutor.java:158)
	at org.openqa.selenium.remote.service.DriverCommandExecutor.execute(DriverCommandExecutor.java:83)
	at org.openqa.selenium.remote.RemoteWebDriver.execute(RemoteWebDriver.java:545)
	at org.openqa.selenium.remote.RemoteWebDriver.findElement(RemoteWebDriver.java:319)
	at org.openqa.selenium.remote.RemoteWebDriver.findElementByXPath(RemoteWebDriver.java:421)
	at org.openqa.selenium.By$ByXPath.findElement(By.java:361)
	at org.openqa.selenium.remote.RemoteWebDriver.findElement(RemoteWebDriver.java:311)
	at autoModularFramework.TestScriptsMain.signUpC(TestScriptsMain.java:216)
... Removed 29 stack frames</div></td></tr></table><p class="totop"><a href="#summary">back to summary</a></p>
<h3 id="m3">autoModularFramework.TestScriptsMain#signUpE</h3><table class="result"><tr class="param"><th>Parameter #1</th></tr><tr class="param stripe"><td>https://www.xero.com/us/</td></tr><tr><th>Exception</th></tr><tr><td><div class="stacktrace">org.openqa.selenium.NoSuchElementException: Unable to locate element: html/body/div[6]/main/div[2]/div/div/div/p/a
For documentation on this error, please visit: http://seleniumhq.org/exceptions/no_such_element.html
Build info: version: &apos;3.11.0&apos;, revision: &apos;e59cfb3&apos;, time: &apos;2018-03-11T20:26:55.152Z&apos;
System info: host: &apos;DESKTOP-OVHFUSQ&apos;, ip: &apos;10.0.0.50&apos;, os.name: &apos;Windows 10&apos;, os.arch: &apos;amd64&apos;, os.version: &apos;10.0&apos;, java.version: &apos;1.8.0_151&apos;
Driver info: org.openqa.selenium.firefox.FirefoxDriver
Capabilities {acceptInsecureCerts: true, browserName: firefox, browserVersion: 54.0.1, javascriptEnabled: true, moz:accessibilityChecks: false, moz:processID: 10472, moz:profile: C:\Users\hamsi\AppData\Loca..., pageLoadStrategy: normal, platform: XP, platformName: XP, platformVersion: 10.0, rotatable: false, specificationLevel: 0, timeouts: {implicit: 0, pageLoad: 300000, script: 30000}}
Session ID: f5707d86-5cfc-4f56-92da-c9206dca1ea7
*** Element info: {Using=xpath, value=html/body/div[6]/main/div[2]/div/div/div/p/a}
	at org.openqa.selenium.remote.http.W3CHttpResponseCodec.createException(W3CHttpResponseCodec.java:187)
	at org.openqa.selenium.remote.http.W3CHttpResponseCodec.decode(W3CHttpResponseCodec.java:122)
	at org.openqa.selenium.remote.http.W3CHttpResponseCodec.decode(W3CHttpResponseCodec.java:49)
	at org.openqa.selenium.remote.HttpCommandExecutor.execute(HttpCommandExecutor.java:158)
	at org.openqa.selenium.remote.service.DriverCommandExecutor.execute(DriverCommandExecutor.java:83)
	at org.openqa.selenium.remote.RemoteWebDriver.execute(RemoteWebDriver.java:545)
	at org.openqa.selenium.remote.RemoteWebDriver.findElement(RemoteWebDriver.java:319)
	at org.openqa.selenium.remote.RemoteWebDriver.findElementByXPath(RemoteWebDriver.java:421)
	at org.openqa.selenium.By$ByXPath.findElement(By.java:361)
	at org.openqa.selenium.remote.RemoteWebDriver.findElement(RemoteWebDriver.java:311)
	at autoModularFramework.TestScriptsMain.signUpE(TestScriptsMain.java:278)
... Removed 29 stack frames</div></td></tr></table><p class="totop"><a href="#summary">back to summary</a></p>
<h3 id="m4">autoModularFramework.TestScriptsMain#Login</h3><table class="result"><tr class="param"><th>Parameter #1</th><th>Parameter #2</th><th>Parameter #3</th><th>Parameter #4</th></tr><tr class="param stripe"><td>Login</td><td>hamsikat@gmail.com</td><td>test@1122</td><td>https://go.xero.com/Dashboard/</td></tr></table><p class="totop"><a href="#summary">back to summary</a></p>
<h3 id="m5">autoModularFramework.TestScriptsMain#LoginIncorrectId</h3><table class="result"><tr class="param"><th>Parameter #1</th><th>Parameter #2</th><th>Parameter #3</th><th>Parameter #4</th></tr><tr class="param stripe"><td>LoginIncorrectId</td><td>User1@gmail.com</td><td>test@111</td><td>Your email or password is incorrect</td></tr></table><p class="totop"><a href="#summary">back to summary</a></p>
<h3 id="m6">autoModularFramework.TestScriptsMain#LoginIncorrectPwd</h3><table class="result"><tr class="param"><th>Parameter #1</th><th>Parameter #2</th><th>Parameter #3</th><th>Parameter #4</th></tr><tr class="param stripe"><td>LoginIncorrectPwd</td><td>hamsikat@gmail.com</td><td>Test@1</td><td>Your email or password is incorrect</td></tr></table><p class="totop"><a href="#summary">back to summary</a></p>
<h3 id="m7">autoModularFramework.TestScriptsMain#Logout</h3><table class="result"><tr class="param"><th>Parameter #1</th><th>Parameter #2</th><th>Parameter #3</th><th>Parameter #4</th></tr><tr class="param stripe"><td>Logout</td><td>hamsikat@gmail.com</td><td>test@1122</td><td>https://go.xero.com/Dashboard/</td></tr></table><p class="totop"><a href="#summary">back to summary</a></p>
<h3 id="m8">autoModularFramework.TestScriptsMain#TestTabsPage</h3><table class="result"><tr class="param"><th>Parameter #1</th><th>Parameter #2</th><th>Parameter #3</th><th>Parameter #4</th></tr><tr class="param stripe"><td>TestTabsPage</td><td>hamsikat@gmail.com</td><td>test@1122</td><td>https://go.xero.com/Dashboard/</td></tr></table><p class="totop"><a href="#summary">back to summary</a></p>
<h3 id="m9">autoModularFramework.TestScriptsMain#UploadPic</h3><table class="result"><tr class="param"><th>Parameter #1</th><th>Parameter #2</th><th>Parameter #3</th><th>Parameter #4</th></tr><tr class="param stripe"><td>UploadPic</td><td>hamsikat@gmail.com</td><td>test@1122</td><td>https://go.xero.com/Dashboard/</td></tr></table><p class="totop"><a href="#summary">back to summary</a></p>
<h3 id="m10">autoModularFramework.TestScriptsMain#addPremiumPlan</h3><table class="result"><tr class="param"><th>Parameter #1</th><th>Parameter #2</th><th>Parameter #3</th><th>Parameter #4</th></tr><tr class="param stripe"><td>addPremiumPlan</td><td>hamsikat@gmail.com</td><td>test@1122</td><td>https://go.xero.com/Dashboard/</td></tr></table><p class="totop"><a href="#summary">back to summary</a></p>
<h3 id="m11">autoModularFramework.TestScriptsMain#addQuickBookUser</h3><table class="result"><tr class="param"><th>Parameter #1</th><th>Parameter #2</th><th>Parameter #3</th><th>Parameter #4</th></tr><tr class="param stripe"><td>addQuickBookUser</td><td>hamsikat@gmail.com</td><td>test@1122</td><td>https://go.xero.com/Dashboard/</td></tr></table><p class="totop"><a href="#summary">back to summary</a></p>
<h3 id="m12">autoModularFramework.TestScriptsMain#addStandardPlan</h3><table class="result"><tr class="param"><th>Parameter #1</th><th>Parameter #2</th><th>Parameter #3</th><th>Parameter #4</th></tr><tr class="param stripe"><td>addStandardPlan</td><td>hamsikat@gmail.com</td><td>test@1122</td><td>https://go.xero.com/Dashboard/</td></tr></table><p class="totop"><a href="#summary">back to summary</a></p>
<h3 id="m13">autoModularFramework.TestScriptsMain#addStarterPlan</h3><table class="result"><tr class="param"><th>Parameter #1</th><th>Parameter #2</th><th>Parameter #3</th><th>Parameter #4</th></tr><tr class="param stripe"><td>addStarterPlan</td><td>hamsikat@gmail.com</td><td>test@1122</td><td>https://go.xero.com/Dashboard/</td></tr></table><p class="totop"><a href="#summary">back to summary</a></p>
<h3 id="m14">autoModularFramework.TestScriptsMain#forgetPassword</h3><table class="result"><tr><th class="invisible"/></tr></table><p class="totop"><a href="#summary">back to summary</a></p>
<h3 id="m15">autoModularFramework.TestScriptsMain#signUpB</h3><table class="result"><tr class="param"><th>Parameter #1</th></tr><tr class="param stripe"><td>https://www.xero.com/us/</td></tr></table><p class="totop"><a href="#summary">back to summary</a></p>
<h3 id="m16">autoModularFramework.TestScriptsMain#signUpD</h3><table class="result"><tr class="param"><th>Parameter #1</th></tr><tr class="param stripe"><td>https://www.xero.com/us/</td></tr></table><p class="totop"><a href="#summary">back to summary</a></p>
<h3 id="m17">autoModularFramework.TestScriptsMain#subscriptionandBilling</h3><table class="result"><tr class="param"><th>Parameter #1</th><th>Parameter #2</th><th>Parameter #3</th><th>Parameter #4</th></tr><tr class="param stripe"><td>subscriptionandBilling</td><td>hamsikat@gmail.com</td><td>test@1122</td><td>https://go.xero.com/Dashboard/</td></tr></table><p class="totop"><a href="#summary">back to summary</a></p>
</body>
</html>
