<?xml version="1.0" encoding="UTF-8"?>
<testng-results skipped="0" failed="4" ignored="1" total="19" passed="14">
  <reporter-output>
  </reporter-output>
  <suite name="TestSuiteExam" duration-ms="585462" started-at="2018-04-16T03:05:19Z" finished-at="2018-04-16T03:15:05Z">
    <groups>
    </groups>
    <test name="AutomationTestingXero" duration-ms="585462" started-at="2018-04-16T03:05:19Z" finished-at="2018-04-16T03:15:05Z">
      <class name="autoModularFramework.TestScriptsMain">
        <test-method status="PASS" signature="ExtentReport()[pri:0, instance:autoModularFramework.TestScriptsMain@1060b431]" name="ExtentReport" is-config="true" duration-ms="140" started-at="2018-04-16T03:05:19Z" finished-at="2018-04-16T03:05:20Z">
          <reporter-output>
          </reporter-output>
        </test-method> <!-- ExtentReport -->
        <test-method status="PASS" signature="launchBrowser(java.lang.String)[pri:0, instance:autoModularFramework.TestScriptsMain@1060b431]" name="launchBrowser" is-config="true" duration-ms="5687" started-at="2018-04-16T03:05:20Z" finished-at="2018-04-16T03:05:25Z">
          <params>
            <param index="0">
              <value>
                <![CDATA[https://login.xero.com/]]>
              </value>
            </param>
          </params>
          <reporter-output>
          </reporter-output>
        </test-method> <!-- launchBrowser -->
        <test-method status="PASS" signature="Login(java.lang.String, java.lang.String, java.lang.String, java.lang.String)[pri:1, instance:autoModularFramework.TestScriptsMain@1060b431]" name="Login" duration-ms="11291" started-at="2018-04-16T03:05:25Z" data-provider="dataProvide" finished-at="2018-04-16T03:05:37Z">
          <params>
            <param index="0">
              <value>
                <![CDATA[Login]]>
              </value>
            </param>
            <param index="1">
              <value>
                <![CDATA[hamsikat@gmail.com]]>
              </value>
            </param>
            <param index="2">
              <value>
                <![CDATA[test@1122]]>
              </value>
            </param>
            <param index="3">
              <value>
                <![CDATA[https://go.xero.com/Dashboard/]]>
              </value>
            </param>
          </params>
          <reporter-output>
          </reporter-output>
        </test-method> <!-- Login -->
        <test-method status="PASS" signature="endDriver()[pri:0, instance:autoModularFramework.TestScriptsMain@1060b431]" name="endDriver" is-config="true" duration-ms="291" started-at="2018-04-16T03:05:37Z" finished-at="2018-04-16T03:05:37Z">
          <reporter-output>
          </reporter-output>
        </test-method> <!-- endDriver -->
        <test-method status="PASS" signature="launchBrowser(java.lang.String)[pri:0, instance:autoModularFramework.TestScriptsMain@1060b431]" name="launchBrowser" is-config="true" duration-ms="5052" started-at="2018-04-16T03:05:37Z" finished-at="2018-04-16T03:05:42Z">
          <params>
            <param index="0">
              <value>
                <![CDATA[https://login.xero.com/]]>
              </value>
            </param>
          </params>
          <reporter-output>
          </reporter-output>
        </test-method> <!-- launchBrowser -->
        <test-method status="PASS" signature="LoginIncorrectPwd(java.lang.String, java.lang.String, java.lang.String, java.lang.String)[pri:2, instance:autoModularFramework.TestScriptsMain@1060b431]" name="LoginIncorrectPwd" duration-ms="6406" started-at="2018-04-16T03:05:42Z" data-provider="dataProvide" finished-at="2018-04-16T03:05:49Z">
          <params>
            <param index="0">
              <value>
                <![CDATA[LoginIncorrectPwd]]>
              </value>
            </param>
            <param index="1">
              <value>
                <![CDATA[hamsikat@gmail.com]]>
              </value>
            </param>
            <param index="2">
              <value>
                <![CDATA[Test@1]]>
              </value>
            </param>
            <param index="3">
              <value>
                <![CDATA[Your email or password is incorrect]]>
              </value>
            </param>
          </params>
          <reporter-output>
          </reporter-output>
        </test-method> <!-- LoginIncorrectPwd -->
        <test-method status="PASS" signature="endDriver()[pri:0, instance:autoModularFramework.TestScriptsMain@1060b431]" name="endDriver" is-config="true" duration-ms="468" started-at="2018-04-16T03:05:49Z" finished-at="2018-04-16T03:05:49Z">
          <reporter-output>
          </reporter-output>
        </test-method> <!-- endDriver -->
        <test-method status="PASS" signature="launchBrowser(java.lang.String)[pri:0, instance:autoModularFramework.TestScriptsMain@1060b431]" name="launchBrowser" is-config="true" duration-ms="4783" started-at="2018-04-16T03:05:49Z" finished-at="2018-04-16T03:05:54Z">
          <params>
            <param index="0">
              <value>
                <![CDATA[https://login.xero.com/]]>
              </value>
            </param>
          </params>
          <reporter-output>
          </reporter-output>
        </test-method> <!-- launchBrowser -->
        <test-method status="PASS" signature="LoginIncorrectId(java.lang.String, java.lang.String, java.lang.String, java.lang.String)[pri:3, instance:autoModularFramework.TestScriptsMain@1060b431]" name="LoginIncorrectId" duration-ms="6320" started-at="2018-04-16T03:05:54Z" data-provider="dataProvide" finished-at="2018-04-16T03:06:00Z">
          <params>
            <param index="0">
              <value>
                <![CDATA[LoginIncorrectId]]>
              </value>
            </param>
            <param index="1">
              <value>
                <![CDATA[User1@gmail.com]]>
              </value>
            </param>
            <param index="2">
              <value>
                <![CDATA[test@111]]>
              </value>
            </param>
            <param index="3">
              <value>
                <![CDATA[Your email or password is incorrect]]>
              </value>
            </param>
          </params>
          <reporter-output>
          </reporter-output>
        </test-method> <!-- LoginIncorrectId -->
        <test-method status="PASS" signature="endDriver()[pri:0, instance:autoModularFramework.TestScriptsMain@1060b431]" name="endDriver" is-config="true" duration-ms="613" started-at="2018-04-16T03:06:00Z" finished-at="2018-04-16T03:06:01Z">
          <reporter-output>
          </reporter-output>
        </test-method> <!-- endDriver -->
        <test-method status="PASS" signature="launchBrowser(java.lang.String)[pri:0, instance:autoModularFramework.TestScriptsMain@1060b431]" name="launchBrowser" is-config="true" duration-ms="4747" started-at="2018-04-16T03:06:01Z" finished-at="2018-04-16T03:06:05Z">
          <params>
            <param index="0">
              <value>
                <![CDATA[https://login.xero.com/]]>
              </value>
            </param>
          </params>
          <reporter-output>
          </reporter-output>
        </test-method> <!-- launchBrowser -->
        <test-method status="PASS" signature="forgetPassword()[pri:4, instance:autoModularFramework.TestScriptsMain@1060b431]" name="forgetPassword" duration-ms="4760" started-at="2018-04-16T03:06:05Z" finished-at="2018-04-16T03:06:10Z">
          <reporter-output>
          </reporter-output>
        </test-method> <!-- forgetPassword -->
        <test-method status="PASS" signature="endDriver()[pri:0, instance:autoModularFramework.TestScriptsMain@1060b431]" name="endDriver" is-config="true" duration-ms="397" started-at="2018-04-16T03:06:10Z" finished-at="2018-04-16T03:06:11Z">
          <reporter-output>
          </reporter-output>
        </test-method> <!-- endDriver -->
        <test-method status="PASS" signature="launchBrowser(java.lang.String)[pri:0, instance:autoModularFramework.TestScriptsMain@1060b431]" name="launchBrowser" is-config="true" duration-ms="4896" started-at="2018-04-16T03:06:11Z" finished-at="2018-04-16T03:06:16Z">
          <params>
            <param index="0">
              <value>
                <![CDATA[https://login.xero.com/]]>
              </value>
            </param>
          </params>
          <reporter-output>
          </reporter-output>
        </test-method> <!-- launchBrowser -->
        <test-method status="PASS" signature="signUpB(java.lang.String)[pri:6, instance:autoModularFramework.TestScriptsMain@1060b431]" name="signUpB" duration-ms="7220" started-at="2018-04-16T03:06:16Z" finished-at="2018-04-16T03:06:23Z">
          <params>
            <param index="0">
              <value>
                <![CDATA[https://www.xero.com/us/]]>
              </value>
            </param>
          </params>
          <reporter-output>
          </reporter-output>
        </test-method> <!-- signUpB -->
        <test-method status="PASS" signature="endDriver()[pri:0, instance:autoModularFramework.TestScriptsMain@1060b431]" name="endDriver" is-config="true" duration-ms="473" started-at="2018-04-16T03:06:23Z" finished-at="2018-04-16T03:06:23Z">
          <reporter-output>
          </reporter-output>
        </test-method> <!-- endDriver -->
        <test-method status="PASS" signature="launchBrowser(java.lang.String)[pri:0, instance:autoModularFramework.TestScriptsMain@1060b431]" name="launchBrowser" is-config="true" duration-ms="5021" started-at="2018-04-16T03:06:23Z" finished-at="2018-04-16T03:06:28Z">
          <params>
            <param index="0">
              <value>
                <![CDATA[https://login.xero.com/]]>
              </value>
            </param>
          </params>
          <reporter-output>
          </reporter-output>
        </test-method> <!-- launchBrowser -->
        <test-method status="FAIL" signature="signUpC(java.lang.String)[pri:7, instance:autoModularFramework.TestScriptsMain@1060b431]" name="signUpC" duration-ms="18116" started-at="2018-04-16T03:06:28Z" finished-at="2018-04-16T03:06:46Z">
          <params>
            <param index="0">
              <value>
                <![CDATA[https://www.xero.com/us/]]>
              </value>
            </param>
          </params>
          <exception class="org.openqa.selenium.NoSuchElementException">
            <message>
              <![CDATA[Unable to locate element: html/body/div[6]/main/div[1]/div/div/form/div[8]/div/label/a[2]
For documentation on this error, please visit: http://seleniumhq.org/exceptions/no_such_element.html
Build info: version: '3.11.0', revision: 'e59cfb3', time: '2018-03-11T20:26:55.152Z'
System info: host: 'DESKTOP-OVHFUSQ', ip: '10.0.0.50', os.name: 'Windows 10', os.arch: 'amd64', os.version: '10.0', java.version: '1.8.0_151'
Driver info: org.openqa.selenium.firefox.FirefoxDriver
Capabilities {acceptInsecureCerts: true, browserName: firefox, browserVersion: 54.0.1, javascriptEnabled: true, moz:accessibilityChecks: false, moz:processID: 5568, moz:profile: C:\Users\hamsi\AppData\Loca..., pageLoadStrategy: normal, platform: XP, platformName: XP, platformVersion: 10.0, rotatable: false, specificationLevel: 0, timeouts: {implicit: 0, pageLoad: 300000, script: 30000}}
Session ID: 2f9deed0-9ef1-46ea-b469-f39f2b5e2c18
*** Element info: {Using=xpath, value=html/body/div[6]/main/div[1]/div/div/form/div[8]/div/label/a[2]}]]>
            </message>
            <full-stacktrace>
              <![CDATA[org.openqa.selenium.NoSuchElementException: Unable to locate element: html/body/div[6]/main/div[1]/div/div/form/div[8]/div/label/a[2]
For documentation on this error, please visit: http://seleniumhq.org/exceptions/no_such_element.html
Build info: version: '3.11.0', revision: 'e59cfb3', time: '2018-03-11T20:26:55.152Z'
System info: host: 'DESKTOP-OVHFUSQ', ip: '10.0.0.50', os.name: 'Windows 10', os.arch: 'amd64', os.version: '10.0', java.version: '1.8.0_151'
Driver info: org.openqa.selenium.firefox.FirefoxDriver
Capabilities {acceptInsecureCerts: true, browserName: firefox, browserVersion: 54.0.1, javascriptEnabled: true, moz:accessibilityChecks: false, moz:processID: 5568, moz:profile: C:\Users\hamsi\AppData\Loca..., pageLoadStrategy: normal, platform: XP, platformName: XP, platformVersion: 10.0, rotatable: false, specificationLevel: 0, timeouts: {implicit: 0, pageLoad: 300000, script: 30000}}
Session ID: 2f9deed0-9ef1-46ea-b469-f39f2b5e2c18
*** Element info: {Using=xpath, value=html/body/div[6]/main/div[1]/div/div/form/div[8]/div/label/a[2]}
at sun.reflect.NativeConstructorAccessorImpl.newInstance0(Native Method)
at sun.reflect.NativeConstructorAccessorImpl.newInstance(NativeConstructorAccessorImpl.java:62)
at sun.reflect.DelegatingConstructorAccessorImpl.newInstance(DelegatingConstructorAccessorImpl.java:45)
at java.lang.reflect.Constructor.newInstance(Constructor.java:423)
at org.openqa.selenium.remote.http.W3CHttpResponseCodec.createException(W3CHttpResponseCodec.java:187)
at org.openqa.selenium.remote.http.W3CHttpResponseCodec.decode(W3CHttpResponseCodec.java:122)
at org.openqa.selenium.remote.http.W3CHttpResponseCodec.decode(W3CHttpResponseCodec.java:49)
at org.openqa.selenium.remote.HttpCommandExecutor.execute(HttpCommandExecutor.java:158)
at org.openqa.selenium.remote.service.DriverCommandExecutor.execute(DriverCommandExecutor.java:83)
at org.openqa.selenium.remote.RemoteWebDriver.execute(RemoteWebDriver.java:545)
at org.openqa.selenium.remote.RemoteWebDriver.findElement(RemoteWebDriver.java:319)
at org.openqa.selenium.remote.RemoteWebDriver.findElementByXPath(RemoteWebDriver.java:421)
at org.openqa.selenium.By$ByXPath.findElement(By.java:361)
at org.openqa.selenium.remote.RemoteWebDriver.findElement(RemoteWebDriver.java:311)
at autoModularFramework.TestScriptsMain.signUpC(TestScriptsMain.java:216)
at sun.reflect.NativeMethodAccessorImpl.invoke0(Native Method)
at sun.reflect.NativeMethodAccessorImpl.invoke(NativeMethodAccessorImpl.java:62)
at sun.reflect.DelegatingMethodAccessorImpl.invoke(DelegatingMethodAccessorImpl.java:43)
at java.lang.reflect.Method.invoke(Method.java:498)
at org.testng.internal.MethodInvocationHelper.invokeMethod(MethodInvocationHelper.java:124)
at org.testng.internal.Invoker.invokeMethod(Invoker.java:580)
at org.testng.internal.Invoker.invokeTestMethod(Invoker.java:716)
at org.testng.internal.Invoker.invokeTestMethods(Invoker.java:988)
at org.testng.internal.TestMethodWorker.invokeTestMethods(TestMethodWorker.java:125)
at org.testng.internal.TestMethodWorker.run(TestMethodWorker.java:109)
at org.testng.TestRunner.privateRun(TestRunner.java:648)
at org.testng.TestRunner.run(TestRunner.java:505)
at org.testng.SuiteRunner.runTest(SuiteRunner.java:455)
at org.testng.SuiteRunner.runSequentially(SuiteRunner.java:450)
at org.testng.SuiteRunner.privateRun(SuiteRunner.java:415)
at org.testng.SuiteRunner.run(SuiteRunner.java:364)
at org.testng.SuiteRunnerWorker.runSuite(SuiteRunnerWorker.java:52)
at org.testng.SuiteRunnerWorker.run(SuiteRunnerWorker.java:84)
at org.testng.TestNG.runSuitesSequentially(TestNG.java:1208)
at org.testng.TestNG.runSuitesLocally(TestNG.java:1137)
at org.testng.TestNG.runSuites(TestNG.java:1049)
at org.testng.TestNG.run(TestNG.java:1017)
at org.testng.remote.AbstractRemoteTestNG.run(AbstractRemoteTestNG.java:114)
at org.testng.remote.RemoteTestNG.initAndRun(RemoteTestNG.java:251)
at org.testng.remote.RemoteTestNG.main(RemoteTestNG.java:77)
]]>
            </full-stacktrace>
          </exception> <!-- org.openqa.selenium.NoSuchElementException -->
          <reporter-output>
          </reporter-output>
        </test-method> <!-- signUpC -->
        <test-method status="PASS" signature="endDriver()[pri:0, instance:autoModularFramework.TestScriptsMain@1060b431]" name="endDriver" is-config="true" duration-ms="399" started-at="2018-04-16T03:06:46Z" finished-at="2018-04-16T03:06:47Z">
          <reporter-output>
          </reporter-output>
        </test-method> <!-- endDriver -->
        <test-method status="PASS" signature="launchBrowser(java.lang.String)[pri:0, instance:autoModularFramework.TestScriptsMain@1060b431]" name="launchBrowser" is-config="true" duration-ms="5278" started-at="2018-04-16T03:06:47Z" finished-at="2018-04-16T03:06:52Z">
          <params>
            <param index="0">
              <value>
                <![CDATA[https://login.xero.com/]]>
              </value>
            </param>
          </params>
          <reporter-output>
          </reporter-output>
        </test-method> <!-- launchBrowser -->
        <test-method status="PASS" signature="signUpD(java.lang.String)[pri:8, instance:autoModularFramework.TestScriptsMain@1060b431]" name="signUpD" duration-ms="16877" started-at="2018-04-16T03:06:52Z" finished-at="2018-04-16T03:07:09Z">
          <params>
            <param index="0">
              <value>
                <![CDATA[https://www.xero.com/us/]]>
              </value>
            </param>
          </params>
          <reporter-output>
          </reporter-output>
        </test-method> <!-- signUpD -->
        <test-method status="PASS" signature="endDriver()[pri:0, instance:autoModularFramework.TestScriptsMain@1060b431]" name="endDriver" is-config="true" duration-ms="379" started-at="2018-04-16T03:07:09Z" finished-at="2018-04-16T03:07:09Z">
          <reporter-output>
          </reporter-output>
        </test-method> <!-- endDriver -->
        <test-method status="PASS" signature="launchBrowser(java.lang.String)[pri:0, instance:autoModularFramework.TestScriptsMain@1060b431]" name="launchBrowser" is-config="true" duration-ms="5029" started-at="2018-04-16T03:07:09Z" finished-at="2018-04-16T03:07:14Z">
          <params>
            <param index="0">
              <value>
                <![CDATA[https://login.xero.com/]]>
              </value>
            </param>
          </params>
          <reporter-output>
          </reporter-output>
        </test-method> <!-- launchBrowser -->
        <test-method status="FAIL" signature="signUpE(java.lang.String)[pri:9, instance:autoModularFramework.TestScriptsMain@1060b431]" name="signUpE" duration-ms="17805" started-at="2018-04-16T03:07:14Z" finished-at="2018-04-16T03:07:32Z">
          <params>
            <param index="0">
              <value>
                <![CDATA[https://www.xero.com/us/]]>
              </value>
            </param>
          </params>
          <exception class="org.openqa.selenium.NoSuchElementException">
            <message>
              <![CDATA[Unable to locate element: html/body/div[6]/main/div[2]/div/div/div/p/a
For documentation on this error, please visit: http://seleniumhq.org/exceptions/no_such_element.html
Build info: version: '3.11.0', revision: 'e59cfb3', time: '2018-03-11T20:26:55.152Z'
System info: host: 'DESKTOP-OVHFUSQ', ip: '10.0.0.50', os.name: 'Windows 10', os.arch: 'amd64', os.version: '10.0', java.version: '1.8.0_151'
Driver info: org.openqa.selenium.firefox.FirefoxDriver
Capabilities {acceptInsecureCerts: true, browserName: firefox, browserVersion: 54.0.1, javascriptEnabled: true, moz:accessibilityChecks: false, moz:processID: 10472, moz:profile: C:\Users\hamsi\AppData\Loca..., pageLoadStrategy: normal, platform: XP, platformName: XP, platformVersion: 10.0, rotatable: false, specificationLevel: 0, timeouts: {implicit: 0, pageLoad: 300000, script: 30000}}
Session ID: f5707d86-5cfc-4f56-92da-c9206dca1ea7
*** Element info: {Using=xpath, value=html/body/div[6]/main/div[2]/div/div/div/p/a}]]>
            </message>
            <full-stacktrace>
              <![CDATA[org.openqa.selenium.NoSuchElementException: Unable to locate element: html/body/div[6]/main/div[2]/div/div/div/p/a
For documentation on this error, please visit: http://seleniumhq.org/exceptions/no_such_element.html
Build info: version: '3.11.0', revision: 'e59cfb3', time: '2018-03-11T20:26:55.152Z'
System info: host: 'DESKTOP-OVHFUSQ', ip: '10.0.0.50', os.name: 'Windows 10', os.arch: 'amd64', os.version: '10.0', java.version: '1.8.0_151'
Driver info: org.openqa.selenium.firefox.FirefoxDriver
Capabilities {acceptInsecureCerts: true, browserName: firefox, browserVersion: 54.0.1, javascriptEnabled: true, moz:accessibilityChecks: false, moz:processID: 10472, moz:profile: C:\Users\hamsi\AppData\Loca..., pageLoadStrategy: normal, platform: XP, platformName: XP, platformVersion: 10.0, rotatable: false, specificationLevel: 0, timeouts: {implicit: 0, pageLoad: 300000, script: 30000}}
Session ID: f5707d86-5cfc-4f56-92da-c9206dca1ea7
*** Element info: {Using=xpath, value=html/body/div[6]/main/div[2]/div/div/div/p/a}
at sun.reflect.NativeConstructorAccessorImpl.newInstance0(Native Method)
at sun.reflect.NativeConstructorAccessorImpl.newInstance(NativeConstructorAccessorImpl.java:62)
at sun.reflect.DelegatingConstructorAccessorImpl.newInstance(DelegatingConstructorAccessorImpl.java:45)
at java.lang.reflect.Constructor.newInstance(Constructor.java:423)
at org.openqa.selenium.remote.http.W3CHttpResponseCodec.createException(W3CHttpResponseCodec.java:187)
at org.openqa.selenium.remote.http.W3CHttpResponseCodec.decode(W3CHttpResponseCodec.java:122)
at org.openqa.selenium.remote.http.W3CHttpResponseCodec.decode(W3CHttpResponseCodec.java:49)
at org.openqa.selenium.remote.HttpCommandExecutor.execute(HttpCommandExecutor.java:158)
at org.openqa.selenium.remote.service.DriverCommandExecutor.execute(DriverCommandExecutor.java:83)
at org.openqa.selenium.remote.RemoteWebDriver.execute(RemoteWebDriver.java:545)
at org.openqa.selenium.remote.RemoteWebDriver.findElement(RemoteWebDriver.java:319)
at org.openqa.selenium.remote.RemoteWebDriver.findElementByXPath(RemoteWebDriver.java:421)
at org.openqa.selenium.By$ByXPath.findElement(By.java:361)
at org.openqa.selenium.remote.RemoteWebDriver.findElement(RemoteWebDriver.java:311)
at autoModularFramework.TestScriptsMain.signUpE(TestScriptsMain.java:278)
at sun.reflect.NativeMethodAccessorImpl.invoke0(Native Method)
at sun.reflect.NativeMethodAccessorImpl.invoke(NativeMethodAccessorImpl.java:62)
at sun.reflect.DelegatingMethodAccessorImpl.invoke(DelegatingMethodAccessorImpl.java:43)
at java.lang.reflect.Method.invoke(Method.java:498)
at org.testng.internal.MethodInvocationHelper.invokeMethod(MethodInvocationHelper.java:124)
at org.testng.internal.Invoker.invokeMethod(Invoker.java:580)
at org.testng.internal.Invoker.invokeTestMethod(Invoker.java:716)
at org.testng.internal.Invoker.invokeTestMethods(Invoker.java:988)
at org.testng.internal.TestMethodWorker.invokeTestMethods(TestMethodWorker.java:125)
at org.testng.internal.TestMethodWorker.run(TestMethodWorker.java:109)
at org.testng.TestRunner.privateRun(TestRunner.java:648)
at org.testng.TestRunner.run(TestRunner.java:505)
at org.testng.SuiteRunner.runTest(SuiteRunner.java:455)
at org.testng.SuiteRunner.runSequentially(SuiteRunner.java:450)
at org.testng.SuiteRunner.privateRun(SuiteRunner.java:415)
at org.testng.SuiteRunner.run(SuiteRunner.java:364)
at org.testng.SuiteRunnerWorker.runSuite(SuiteRunnerWorker.java:52)
at org.testng.SuiteRunnerWorker.run(SuiteRunnerWorker.java:84)
at org.testng.TestNG.runSuitesSequentially(TestNG.java:1208)
at org.testng.TestNG.runSuitesLocally(TestNG.java:1137)
at org.testng.TestNG.runSuites(TestNG.java:1049)
at org.testng.TestNG.run(TestNG.java:1017)
at org.testng.remote.AbstractRemoteTestNG.run(AbstractRemoteTestNG.java:114)
at org.testng.remote.RemoteTestNG.initAndRun(RemoteTestNG.java:251)
at org.testng.remote.RemoteTestNG.main(RemoteTestNG.java:77)
]]>
            </full-stacktrace>
          </exception> <!-- org.openqa.selenium.NoSuchElementException -->
          <reporter-output>
          </reporter-output>
        </test-method> <!-- signUpE -->
        <test-method status="PASS" signature="endDriver()[pri:0, instance:autoModularFramework.TestScriptsMain@1060b431]" name="endDriver" is-config="true" duration-ms="443" started-at="2018-04-16T03:07:32Z" finished-at="2018-04-16T03:07:33Z">
          <reporter-output>
          </reporter-output>
        </test-method> <!-- endDriver -->
        <test-method status="PASS" signature="launchBrowser(java.lang.String)[pri:0, instance:autoModularFramework.TestScriptsMain@1060b431]" name="launchBrowser" is-config="true" duration-ms="4811" started-at="2018-04-16T03:07:33Z" finished-at="2018-04-16T03:07:37Z">
          <params>
            <param index="0">
              <value>
                <![CDATA[https://login.xero.com/]]>
              </value>
            </param>
          </params>
          <reporter-output>
          </reporter-output>
        </test-method> <!-- launchBrowser -->
        <test-method status="PASS" signature="TestTabsPage(java.lang.String, java.lang.String, java.lang.String, java.lang.String)[pri:10, instance:autoModularFramework.TestScriptsMain@1060b431]" name="TestTabsPage" duration-ms="22995" started-at="2018-04-16T03:07:37Z" data-provider="dataProvide" finished-at="2018-04-16T03:08:00Z">
          <params>
            <param index="0">
              <value>
                <![CDATA[TestTabsPage]]>
              </value>
            </param>
            <param index="1">
              <value>
                <![CDATA[hamsikat@gmail.com]]>
              </value>
            </param>
            <param index="2">
              <value>
                <![CDATA[test@1122]]>
              </value>
            </param>
            <param index="3">
              <value>
                <![CDATA[https://go.xero.com/Dashboard/]]>
              </value>
            </param>
          </params>
          <reporter-output>
          </reporter-output>
        </test-method> <!-- TestTabsPage -->
        <test-method status="PASS" signature="endDriver()[pri:0, instance:autoModularFramework.TestScriptsMain@1060b431]" name="endDriver" is-config="true" duration-ms="327" started-at="2018-04-16T03:08:00Z" finished-at="2018-04-16T03:08:01Z">
          <reporter-output>
          </reporter-output>
        </test-method> <!-- endDriver -->
        <test-method status="PASS" signature="launchBrowser(java.lang.String)[pri:0, instance:autoModularFramework.TestScriptsMain@1060b431]" name="launchBrowser" is-config="true" duration-ms="4920" started-at="2018-04-16T03:08:01Z" finished-at="2018-04-16T03:08:06Z">
          <params>
            <param index="0">
              <value>
                <![CDATA[https://login.xero.com/]]>
              </value>
            </param>
          </params>
          <reporter-output>
          </reporter-output>
        </test-method> <!-- launchBrowser -->
        <test-method status="PASS" signature="Logout(java.lang.String, java.lang.String, java.lang.String, java.lang.String)[pri:11, instance:autoModularFramework.TestScriptsMain@1060b431]" name="Logout" duration-ms="12017" started-at="2018-04-16T03:08:06Z" data-provider="dataProvide" finished-at="2018-04-16T03:08:18Z">
          <params>
            <param index="0">
              <value>
                <![CDATA[Logout]]>
              </value>
            </param>
            <param index="1">
              <value>
                <![CDATA[hamsikat@gmail.com]]>
              </value>
            </param>
            <param index="2">
              <value>
                <![CDATA[test@1122]]>
              </value>
            </param>
            <param index="3">
              <value>
                <![CDATA[https://go.xero.com/Dashboard/]]>
              </value>
            </param>
          </params>
          <reporter-output>
          </reporter-output>
        </test-method> <!-- Logout -->
        <test-method status="PASS" signature="endDriver()[pri:0, instance:autoModularFramework.TestScriptsMain@1060b431]" name="endDriver" is-config="true" duration-ms="362" started-at="2018-04-16T03:08:18Z" finished-at="2018-04-16T03:08:18Z">
          <reporter-output>
          </reporter-output>
        </test-method> <!-- endDriver -->
        <test-method status="PASS" signature="launchBrowser(java.lang.String)[pri:0, instance:autoModularFramework.TestScriptsMain@1060b431]" name="launchBrowser" is-config="true" duration-ms="4790" started-at="2018-04-16T03:08:18Z" finished-at="2018-04-16T03:08:23Z">
          <params>
            <param index="0">
              <value>
                <![CDATA[https://login.xero.com/]]>
              </value>
            </param>
          </params>
          <reporter-output>
          </reporter-output>
        </test-method> <!-- launchBrowser -->
        <test-method status="PASS" signature="UploadPic(java.lang.String, java.lang.String, java.lang.String, java.lang.String)[pri:12, instance:autoModularFramework.TestScriptsMain@1060b431]" name="UploadPic" duration-ms="36124" started-at="2018-04-16T03:08:23Z" data-provider="dataProvide" finished-at="2018-04-16T03:08:59Z">
          <params>
            <param index="0">
              <value>
                <![CDATA[UploadPic]]>
              </value>
            </param>
            <param index="1">
              <value>
                <![CDATA[hamsikat@gmail.com]]>
              </value>
            </param>
            <param index="2">
              <value>
                <![CDATA[test@1122]]>
              </value>
            </param>
            <param index="3">
              <value>
                <![CDATA[https://go.xero.com/Dashboard/]]>
              </value>
            </param>
          </params>
          <reporter-output>
          </reporter-output>
        </test-method> <!-- UploadPic -->
        <test-method status="PASS" signature="endDriver()[pri:0, instance:autoModularFramework.TestScriptsMain@1060b431]" name="endDriver" is-config="true" duration-ms="361" started-at="2018-04-16T03:08:59Z" finished-at="2018-04-16T03:08:59Z">
          <reporter-output>
          </reporter-output>
        </test-method> <!-- endDriver -->
        <test-method status="PASS" signature="launchBrowser(java.lang.String)[pri:0, instance:autoModularFramework.TestScriptsMain@1060b431]" name="launchBrowser" is-config="true" duration-ms="4893" started-at="2018-04-16T03:08:59Z" finished-at="2018-04-16T03:09:04Z">
          <params>
            <param index="0">
              <value>
                <![CDATA[https://login.xero.com/]]>
              </value>
            </param>
          </params>
          <reporter-output>
          </reporter-output>
        </test-method> <!-- launchBrowser -->
        <test-method status="FAIL" signature="addOrganizationA(java.lang.String, java.lang.String, java.lang.String, java.lang.String)[pri:13, instance:autoModularFramework.TestScriptsMain@1060b431]" name="addOrganizationA" duration-ms="21842" started-at="2018-04-16T03:09:04Z" data-provider="dataProvide" finished-at="2018-04-16T03:09:26Z">
          <params>
            <param index="0">
              <value>
                <![CDATA[addOrganizationA]]>
              </value>
            </param>
            <param index="1">
              <value>
                <![CDATA[hamsikat@gmail.com]]>
              </value>
            </param>
            <param index="2">
              <value>
                <![CDATA[test@1122]]>
              </value>
            </param>
            <param index="3">
              <value>
                <![CDATA[https://go.xero.com/Dashboard/]]>
              </value>
            </param>
          </params>
          <exception class="org.openqa.selenium.NoSuchElementException">
            <message>
              <![CDATA[Unable to locate element: .//*[@id='ext-gen1043']
For documentation on this error, please visit: http://seleniumhq.org/exceptions/no_such_element.html
Build info: version: '3.11.0', revision: 'e59cfb3', time: '2018-03-11T20:26:55.152Z'
System info: host: 'DESKTOP-OVHFUSQ', ip: '10.0.0.50', os.name: 'Windows 10', os.arch: 'amd64', os.version: '10.0', java.version: '1.8.0_151'
Driver info: org.openqa.selenium.firefox.FirefoxDriver
Capabilities {acceptInsecureCerts: true, browserName: firefox, browserVersion: 54.0.1, javascriptEnabled: true, moz:accessibilityChecks: false, moz:processID: 440, moz:profile: C:\Users\hamsi\AppData\Loca..., pageLoadStrategy: normal, platform: XP, platformName: XP, platformVersion: 10.0, rotatable: false, specificationLevel: 0, timeouts: {implicit: 0, pageLoad: 300000, script: 30000}}
Session ID: f390d0ab-75ed-4240-bd85-a4885ceed9e8
*** Element info: {Using=xpath, value=.//*[@id='ext-gen1043']}]]>
            </message>
            <full-stacktrace>
              <![CDATA[org.openqa.selenium.NoSuchElementException: Unable to locate element: .//*[@id='ext-gen1043']
For documentation on this error, please visit: http://seleniumhq.org/exceptions/no_such_element.html
Build info: version: '3.11.0', revision: 'e59cfb3', time: '2018-03-11T20:26:55.152Z'
System info: host: 'DESKTOP-OVHFUSQ', ip: '10.0.0.50', os.name: 'Windows 10', os.arch: 'amd64', os.version: '10.0', java.version: '1.8.0_151'
Driver info: org.openqa.selenium.firefox.FirefoxDriver
Capabilities {acceptInsecureCerts: true, browserName: firefox, browserVersion: 54.0.1, javascriptEnabled: true, moz:accessibilityChecks: false, moz:processID: 440, moz:profile: C:\Users\hamsi\AppData\Loca..., pageLoadStrategy: normal, platform: XP, platformName: XP, platformVersion: 10.0, rotatable: false, specificationLevel: 0, timeouts: {implicit: 0, pageLoad: 300000, script: 30000}}
Session ID: f390d0ab-75ed-4240-bd85-a4885ceed9e8
*** Element info: {Using=xpath, value=.//*[@id='ext-gen1043']}
at sun.reflect.NativeConstructorAccessorImpl.newInstance0(Native Method)
at sun.reflect.NativeConstructorAccessorImpl.newInstance(NativeConstructorAccessorImpl.java:62)
at sun.reflect.DelegatingConstructorAccessorImpl.newInstance(DelegatingConstructorAccessorImpl.java:45)
at java.lang.reflect.Constructor.newInstance(Constructor.java:423)
at org.openqa.selenium.remote.http.W3CHttpResponseCodec.createException(W3CHttpResponseCodec.java:187)
at org.openqa.selenium.remote.http.W3CHttpResponseCodec.decode(W3CHttpResponseCodec.java:122)
at org.openqa.selenium.remote.http.W3CHttpResponseCodec.decode(W3CHttpResponseCodec.java:49)
at org.openqa.selenium.remote.HttpCommandExecutor.execute(HttpCommandExecutor.java:158)
at org.openqa.selenium.remote.service.DriverCommandExecutor.execute(DriverCommandExecutor.java:83)
at org.openqa.selenium.remote.RemoteWebDriver.execute(RemoteWebDriver.java:545)
at org.openqa.selenium.remote.RemoteWebDriver.findElement(RemoteWebDriver.java:319)
at org.openqa.selenium.remote.RemoteWebDriver.findElementByXPath(RemoteWebDriver.java:421)
at org.openqa.selenium.By$ByXPath.findElement(By.java:361)
at org.openqa.selenium.remote.RemoteWebDriver.findElement(RemoteWebDriver.java:311)
at autoModularFramework.TestScriptsMain.addOrganizationA(TestScriptsMain.java:414)
at sun.reflect.NativeMethodAccessorImpl.invoke0(Native Method)
at sun.reflect.NativeMethodAccessorImpl.invoke(NativeMethodAccessorImpl.java:62)
at sun.reflect.DelegatingMethodAccessorImpl.invoke(DelegatingMethodAccessorImpl.java:43)
at java.lang.reflect.Method.invoke(Method.java:498)
at org.testng.internal.MethodInvocationHelper.invokeMethod(MethodInvocationHelper.java:124)
at org.testng.internal.Invoker.invokeMethod(Invoker.java:580)
at org.testng.internal.Invoker.invokeTestMethod(Invoker.java:716)
at org.testng.internal.Invoker.invokeTestMethods(Invoker.java:988)
at org.testng.internal.TestMethodWorker.invokeTestMethods(TestMethodWorker.java:125)
at org.testng.internal.TestMethodWorker.run(TestMethodWorker.java:109)
at org.testng.TestRunner.privateRun(TestRunner.java:648)
at org.testng.TestRunner.run(TestRunner.java:505)
at org.testng.SuiteRunner.runTest(SuiteRunner.java:455)
at org.testng.SuiteRunner.runSequentially(SuiteRunner.java:450)
at org.testng.SuiteRunner.privateRun(SuiteRunner.java:415)
at org.testng.SuiteRunner.run(SuiteRunner.java:364)
at org.testng.SuiteRunnerWorker.runSuite(SuiteRunnerWorker.java:52)
at org.testng.SuiteRunnerWorker.run(SuiteRunnerWorker.java:84)
at org.testng.TestNG.runSuitesSequentially(TestNG.java:1208)
at org.testng.TestNG.runSuitesLocally(TestNG.java:1137)
at org.testng.TestNG.runSuites(TestNG.java:1049)
at org.testng.TestNG.run(TestNG.java:1017)
at org.testng.remote.AbstractRemoteTestNG.run(AbstractRemoteTestNG.java:114)
at org.testng.remote.RemoteTestNG.initAndRun(RemoteTestNG.java:251)
at org.testng.remote.RemoteTestNG.main(RemoteTestNG.java:77)
]]>
            </full-stacktrace>
          </exception> <!-- org.openqa.selenium.NoSuchElementException -->
          <reporter-output>
          </reporter-output>
        </test-method> <!-- addOrganizationA -->
        <test-method status="PASS" signature="endDriver()[pri:0, instance:autoModularFramework.TestScriptsMain@1060b431]" name="endDriver" is-config="true" duration-ms="489" started-at="2018-04-16T03:09:26Z" finished-at="2018-04-16T03:09:27Z">
          <reporter-output>
          </reporter-output>
        </test-method> <!-- endDriver -->
        <test-method status="PASS" signature="launchBrowser(java.lang.String)[pri:0, instance:autoModularFramework.TestScriptsMain@1060b431]" name="launchBrowser" is-config="true" duration-ms="4754" started-at="2018-04-16T03:09:27Z" finished-at="2018-04-16T03:09:31Z">
          <params>
            <param index="0">
              <value>
                <![CDATA[https://login.xero.com/]]>
              </value>
            </param>
          </params>
          <reporter-output>
          </reporter-output>
        </test-method> <!-- launchBrowser -->
        <test-method status="FAIL" signature="addOrganizationPaidB(java.lang.String, java.lang.String, java.lang.String, java.lang.String)[pri:14, instance:autoModularFramework.TestScriptsMain@1060b431]" name="addOrganizationPaidB" duration-ms="26573" started-at="2018-04-16T03:09:31Z" data-provider="dataProvide" finished-at="2018-04-16T03:09:58Z">
          <params>
            <param index="0">
              <value>
                <![CDATA[addOrganizationPaidB]]>
              </value>
            </param>
            <param index="1">
              <value>
                <![CDATA[hamsikat@gmail.com]]>
              </value>
            </param>
            <param index="2">
              <value>
                <![CDATA[test@1122]]>
              </value>
            </param>
            <param index="3">
              <value>
                <![CDATA[https://go.xero.com/Dashboard/]]>
              </value>
            </param>
          </params>
          <exception class="org.openqa.selenium.NoSuchElementException">
            <message>
              <![CDATA[Unable to locate element: .//*[@id='ext-gen1043']
For documentation on this error, please visit: http://seleniumhq.org/exceptions/no_such_element.html
Build info: version: '3.11.0', revision: 'e59cfb3', time: '2018-03-11T20:26:55.152Z'
System info: host: 'DESKTOP-OVHFUSQ', ip: '10.0.0.50', os.name: 'Windows 10', os.arch: 'amd64', os.version: '10.0', java.version: '1.8.0_151'
Driver info: org.openqa.selenium.firefox.FirefoxDriver
Capabilities {acceptInsecureCerts: true, browserName: firefox, browserVersion: 54.0.1, javascriptEnabled: true, moz:accessibilityChecks: false, moz:processID: 7404, moz:profile: C:\Users\hamsi\AppData\Loca..., pageLoadStrategy: normal, platform: XP, platformName: XP, platformVersion: 10.0, rotatable: false, specificationLevel: 0, timeouts: {implicit: 0, pageLoad: 300000, script: 30000}}
Session ID: 6b8450b1-83ed-40c2-9b0e-24a18221cb88
*** Element info: {Using=xpath, value=.//*[@id='ext-gen1043']}]]>
            </message>
            <full-stacktrace>
              <![CDATA[org.openqa.selenium.NoSuchElementException: Unable to locate element: .//*[@id='ext-gen1043']
For documentation on this error, please visit: http://seleniumhq.org/exceptions/no_such_element.html
Build info: version: '3.11.0', revision: 'e59cfb3', time: '2018-03-11T20:26:55.152Z'
System info: host: 'DESKTOP-OVHFUSQ', ip: '10.0.0.50', os.name: 'Windows 10', os.arch: 'amd64', os.version: '10.0', java.version: '1.8.0_151'
Driver info: org.openqa.selenium.firefox.FirefoxDriver
Capabilities {acceptInsecureCerts: true, browserName: firefox, browserVersion: 54.0.1, javascriptEnabled: true, moz:accessibilityChecks: false, moz:processID: 7404, moz:profile: C:\Users\hamsi\AppData\Loca..., pageLoadStrategy: normal, platform: XP, platformName: XP, platformVersion: 10.0, rotatable: false, specificationLevel: 0, timeouts: {implicit: 0, pageLoad: 300000, script: 30000}}
Session ID: 6b8450b1-83ed-40c2-9b0e-24a18221cb88
*** Element info: {Using=xpath, value=.//*[@id='ext-gen1043']}
at sun.reflect.NativeConstructorAccessorImpl.newInstance0(Native Method)
at sun.reflect.NativeConstructorAccessorImpl.newInstance(NativeConstructorAccessorImpl.java:62)
at sun.reflect.DelegatingConstructorAccessorImpl.newInstance(DelegatingConstructorAccessorImpl.java:45)
at java.lang.reflect.Constructor.newInstance(Constructor.java:423)
at org.openqa.selenium.remote.http.W3CHttpResponseCodec.createException(W3CHttpResponseCodec.java:187)
at org.openqa.selenium.remote.http.W3CHttpResponseCodec.decode(W3CHttpResponseCodec.java:122)
at org.openqa.selenium.remote.http.W3CHttpResponseCodec.decode(W3CHttpResponseCodec.java:49)
at org.openqa.selenium.remote.HttpCommandExecutor.execute(HttpCommandExecutor.java:158)
at org.openqa.selenium.remote.service.DriverCommandExecutor.execute(DriverCommandExecutor.java:83)
at org.openqa.selenium.remote.RemoteWebDriver.execute(RemoteWebDriver.java:545)
at org.openqa.selenium.remote.RemoteWebDriver.findElement(RemoteWebDriver.java:319)
at org.openqa.selenium.remote.RemoteWebDriver.findElementByXPath(RemoteWebDriver.java:421)
at org.openqa.selenium.By$ByXPath.findElement(By.java:361)
at org.openqa.selenium.remote.RemoteWebDriver.findElement(RemoteWebDriver.java:311)
at autoModularFramework.TestScriptsMain.addOrganizationPaidB(TestScriptsMain.java:448)
at sun.reflect.NativeMethodAccessorImpl.invoke0(Native Method)
at sun.reflect.NativeMethodAccessorImpl.invoke(NativeMethodAccessorImpl.java:62)
at sun.reflect.DelegatingMethodAccessorImpl.invoke(DelegatingMethodAccessorImpl.java:43)
at java.lang.reflect.Method.invoke(Method.java:498)
at org.testng.internal.MethodInvocationHelper.invokeMethod(MethodInvocationHelper.java:124)
at org.testng.internal.Invoker.invokeMethod(Invoker.java:580)
at org.testng.internal.Invoker.invokeTestMethod(Invoker.java:716)
at org.testng.internal.Invoker.invokeTestMethods(Invoker.java:988)
at org.testng.internal.TestMethodWorker.invokeTestMethods(TestMethodWorker.java:125)
at org.testng.internal.TestMethodWorker.run(TestMethodWorker.java:109)
at org.testng.TestRunner.privateRun(TestRunner.java:648)
at org.testng.TestRunner.run(TestRunner.java:505)
at org.testng.SuiteRunner.runTest(SuiteRunner.java:455)
at org.testng.SuiteRunner.runSequentially(SuiteRunner.java:450)
at org.testng.SuiteRunner.privateRun(SuiteRunner.java:415)
at org.testng.SuiteRunner.run(SuiteRunner.java:364)
at org.testng.SuiteRunnerWorker.runSuite(SuiteRunnerWorker.java:52)
at org.testng.SuiteRunnerWorker.run(SuiteRunnerWorker.java:84)
at org.testng.TestNG.runSuitesSequentially(TestNG.java:1208)
at org.testng.TestNG.runSuitesLocally(TestNG.java:1137)
at org.testng.TestNG.runSuites(TestNG.java:1049)
at org.testng.TestNG.run(TestNG.java:1017)
at org.testng.remote.AbstractRemoteTestNG.run(AbstractRemoteTestNG.java:114)
at org.testng.remote.RemoteTestNG.initAndRun(RemoteTestNG.java:251)
at org.testng.remote.RemoteTestNG.main(RemoteTestNG.java:77)
]]>
            </full-stacktrace>
          </exception> <!-- org.openqa.selenium.NoSuchElementException -->
          <reporter-output>
          </reporter-output>
        </test-method> <!-- addOrganizationPaidB -->
        <test-method status="PASS" signature="endDriver()[pri:0, instance:autoModularFramework.TestScriptsMain@1060b431]" name="endDriver" is-config="true" duration-ms="313" started-at="2018-04-16T03:09:58Z" finished-at="2018-04-16T03:09:58Z">
          <reporter-output>
          </reporter-output>
        </test-method> <!-- endDriver -->
        <test-method status="PASS" signature="launchBrowser(java.lang.String)[pri:0, instance:autoModularFramework.TestScriptsMain@1060b431]" name="launchBrowser" is-config="true" duration-ms="5952" started-at="2018-04-16T03:09:58Z" finished-at="2018-04-16T03:10:04Z">
          <params>
            <param index="0">
              <value>
                <![CDATA[https://login.xero.com/]]>
              </value>
            </param>
          </params>
          <reporter-output>
          </reporter-output>
        </test-method> <!-- launchBrowser -->
        <test-method status="PASS" signature="addStarterPlan(java.lang.String, java.lang.String, java.lang.String, java.lang.String)[pri:15, instance:autoModularFramework.TestScriptsMain@1060b431]" name="addStarterPlan" duration-ms="65353" started-at="2018-04-16T03:10:04Z" data-provider="dataProvide" finished-at="2018-04-16T03:11:10Z">
          <params>
            <param index="0">
              <value>
                <![CDATA[addStarterPlan]]>
              </value>
            </param>
            <param index="1">
              <value>
                <![CDATA[hamsikat@gmail.com]]>
              </value>
            </param>
            <param index="2">
              <value>
                <![CDATA[test@1122]]>
              </value>
            </param>
            <param index="3">
              <value>
                <![CDATA[https://go.xero.com/Dashboard/]]>
              </value>
            </param>
          </params>
          <reporter-output>
          </reporter-output>
        </test-method> <!-- addStarterPlan -->
        <test-method status="PASS" signature="endDriver()[pri:0, instance:autoModularFramework.TestScriptsMain@1060b431]" name="endDriver" is-config="true" duration-ms="848" started-at="2018-04-16T03:11:10Z" finished-at="2018-04-16T03:11:10Z">
          <reporter-output>
          </reporter-output>
        </test-method> <!-- endDriver -->
        <test-method status="PASS" signature="launchBrowser(java.lang.String)[pri:0, instance:autoModularFramework.TestScriptsMain@1060b431]" name="launchBrowser" is-config="true" duration-ms="4800" started-at="2018-04-16T03:11:10Z" finished-at="2018-04-16T03:11:15Z">
          <params>
            <param index="0">
              <value>
                <![CDATA[https://login.xero.com/]]>
              </value>
            </param>
          </params>
          <reporter-output>
          </reporter-output>
        </test-method> <!-- launchBrowser -->
        <test-method status="PASS" signature="addStandardPlan(java.lang.String, java.lang.String, java.lang.String, java.lang.String)[pri:16, instance:autoModularFramework.TestScriptsMain@1060b431]" name="addStandardPlan" duration-ms="65978" started-at="2018-04-16T03:11:15Z" data-provider="dataProvide" finished-at="2018-04-16T03:12:21Z">
          <params>
            <param index="0">
              <value>
                <![CDATA[addStandardPlan]]>
              </value>
            </param>
            <param index="1">
              <value>
                <![CDATA[hamsikat@gmail.com]]>
              </value>
            </param>
            <param index="2">
              <value>
                <![CDATA[test@1122]]>
              </value>
            </param>
            <param index="3">
              <value>
                <![CDATA[https://go.xero.com/Dashboard/]]>
              </value>
            </param>
          </params>
          <reporter-output>
          </reporter-output>
        </test-method> <!-- addStandardPlan -->
        <test-method status="PASS" signature="endDriver()[pri:0, instance:autoModularFramework.TestScriptsMain@1060b431]" name="endDriver" is-config="true" duration-ms="719" started-at="2018-04-16T03:12:21Z" finished-at="2018-04-16T03:12:22Z">
          <reporter-output>
          </reporter-output>
        </test-method> <!-- endDriver -->
        <test-method status="PASS" signature="launchBrowser(java.lang.String)[pri:0, instance:autoModularFramework.TestScriptsMain@1060b431]" name="launchBrowser" is-config="true" duration-ms="4716" started-at="2018-04-16T03:12:22Z" finished-at="2018-04-16T03:12:27Z">
          <params>
            <param index="0">
              <value>
                <![CDATA[https://login.xero.com/]]>
              </value>
            </param>
          </params>
          <reporter-output>
          </reporter-output>
        </test-method> <!-- launchBrowser -->
        <test-method status="PASS" signature="addPremiumPlan(java.lang.String, java.lang.String, java.lang.String, java.lang.String)[pri:17, instance:autoModularFramework.TestScriptsMain@1060b431]" name="addPremiumPlan" duration-ms="65351" started-at="2018-04-16T03:12:27Z" data-provider="dataProvide" finished-at="2018-04-16T03:13:32Z">
          <params>
            <param index="0">
              <value>
                <![CDATA[addPremiumPlan]]>
              </value>
            </param>
            <param index="1">
              <value>
                <![CDATA[hamsikat@gmail.com]]>
              </value>
            </param>
            <param index="2">
              <value>
                <![CDATA[test@1122]]>
              </value>
            </param>
            <param index="3">
              <value>
                <![CDATA[https://go.xero.com/Dashboard/]]>
              </value>
            </param>
          </params>
          <reporter-output>
          </reporter-output>
        </test-method> <!-- addPremiumPlan -->
        <test-method status="PASS" signature="endDriver()[pri:0, instance:autoModularFramework.TestScriptsMain@1060b431]" name="endDriver" is-config="true" duration-ms="858" started-at="2018-04-16T03:13:32Z" finished-at="2018-04-16T03:13:33Z">
          <reporter-output>
          </reporter-output>
        </test-method> <!-- endDriver -->
        <test-method status="PASS" signature="launchBrowser(java.lang.String)[pri:0, instance:autoModularFramework.TestScriptsMain@1060b431]" name="launchBrowser" is-config="true" duration-ms="5655" started-at="2018-04-16T03:13:33Z" finished-at="2018-04-16T03:13:38Z">
          <params>
            <param index="0">
              <value>
                <![CDATA[https://login.xero.com/]]>
              </value>
            </param>
          </params>
          <reporter-output>
          </reporter-output>
        </test-method> <!-- launchBrowser -->
        <test-method status="PASS" signature="addQuickBookUser(java.lang.String, java.lang.String, java.lang.String, java.lang.String)[pri:18, instance:autoModularFramework.TestScriptsMain@1060b431]" name="addQuickBookUser" duration-ms="52146" started-at="2018-04-16T03:13:38Z" data-provider="dataProvide" finished-at="2018-04-16T03:14:31Z">
          <params>
            <param index="0">
              <value>
                <![CDATA[addQuickBookUser]]>
              </value>
            </param>
            <param index="1">
              <value>
                <![CDATA[hamsikat@gmail.com]]>
              </value>
            </param>
            <param index="2">
              <value>
                <![CDATA[test@1122]]>
              </value>
            </param>
            <param index="3">
              <value>
                <![CDATA[https://go.xero.com/Dashboard/]]>
              </value>
            </param>
          </params>
          <reporter-output>
          </reporter-output>
        </test-method> <!-- addQuickBookUser -->
        <test-method status="PASS" signature="endDriver()[pri:0, instance:autoModularFramework.TestScriptsMain@1060b431]" name="endDriver" is-config="true" duration-ms="340" started-at="2018-04-16T03:14:31Z" finished-at="2018-04-16T03:14:31Z">
          <reporter-output>
          </reporter-output>
        </test-method> <!-- endDriver -->
        <test-method status="PASS" signature="launchBrowser(java.lang.String)[pri:0, instance:autoModularFramework.TestScriptsMain@1060b431]" name="launchBrowser" is-config="true" duration-ms="4887" started-at="2018-04-16T03:14:31Z" finished-at="2018-04-16T03:14:36Z">
          <params>
            <param index="0">
              <value>
                <![CDATA[https://login.xero.com/]]>
              </value>
            </param>
          </params>
          <reporter-output>
          </reporter-output>
        </test-method> <!-- launchBrowser -->
        <test-method status="PASS" signature="subscriptionandBilling(java.lang.String, java.lang.String, java.lang.String, java.lang.String)[pri:19, instance:autoModularFramework.TestScriptsMain@1060b431]" name="subscriptionandBilling" duration-ms="27564" started-at="2018-04-16T03:14:36Z" data-provider="dataProvide" finished-at="2018-04-16T03:15:03Z">
          <params>
            <param index="0">
              <value>
                <![CDATA[subscriptionandBilling]]>
              </value>
            </param>
            <param index="1">
              <value>
                <![CDATA[hamsikat@gmail.com]]>
              </value>
            </param>
            <param index="2">
              <value>
                <![CDATA[test@1122]]>
              </value>
            </param>
            <param index="3">
              <value>
                <![CDATA[https://go.xero.com/Dashboard/]]>
              </value>
            </param>
          </params>
          <reporter-output>
          </reporter-output>
        </test-method> <!-- subscriptionandBilling -->
        <test-method status="PASS" signature="endDriver()[pri:0, instance:autoModularFramework.TestScriptsMain@1060b431]" name="endDriver" is-config="true" duration-ms="862" started-at="2018-04-16T03:15:03Z" finished-at="2018-04-16T03:15:04Z">
          <reporter-output>
          </reporter-output>
        </test-method> <!-- endDriver -->
        <test-method status="PASS" signature="endReport()[pri:0, instance:autoModularFramework.TestScriptsMain@1060b431]" name="endReport" is-config="true" duration-ms="661" started-at="2018-04-16T03:15:04Z" finished-at="2018-04-16T03:15:05Z">
          <reporter-output>
          </reporter-output>
        </test-method> <!-- endReport -->
      </class> <!-- autoModularFramework.TestScriptsMain -->
    </test> <!-- AutomationTestingXero -->
  </suite> <!-- TestSuiteExam -->
</testng-results>
